<?xml version="1.0" encoding="UTF-8"?>
<!-- Generated by org.testng.reporters.JUnitXMLReporter -->
<testsuite ignored="38" hostname="SHAIK-SAMAD-PC" failures="0" tests="20" name="Test" time="610.929" errors="0" timestamp="2025-04-24T19:56:03 IST">
  <testcase classname="smoke.TC_101" name="validLoginDetailsTC101" time="1.808"/>
  <testcase classname="smoke.TC_102" name="verifyCheckOutDateTC102" time="3.269"/>
  <testcase classname="smoke.TC_103" name="verifyPastDatesTC103" time="3.86"/>
  <testcase classname="smoke.TC_104" name="verifySelectHotelLocationTC104" time="4.063"/>
  <testcase classname="smoke.TC_105" name="verifySelectHotelDatesTC105" time="4.447"/>
  <testcase classname="smoke.TC_106" name="verifySelectHotelRoomsTC106" time="4.49"/>
  <testcase classname="smoke.TC_107" name="verifySelectHotelRoomTypeTC107" time="5.111"/>
  <testcase classname="smoke.TC_108" name="verifyBookAHotelTotalPriceTC108" time="6.338"/>
  <testcase classname="smoke.TC_109" name="logoutCheckTC109" time="16.21"/>
  <testcase classname="smoke.TC_110" name="verifyTotalPriceMelbourneTC110" time="6.794"/>
  <testcase classname="smoke.TC_111" name="verifyBookAHotelPageTC111" time="6.395"/>
  <testcase classname="smoke.TC_112" name="verifyTotalBillVthGstTC112" time="6.229"/>
  <testcase classname="smoke.TC_113" name="verifyBookAHotelPageDetailsTC113" time="7.386"/>
  <testcase classname="smoke.TC_114" name="verifyOrderIdGeneratedTC114" time="14.566"/>
  <testcase classname="smoke.TC_115" name="verifyBookedItineraryEditableTC115" time="52.448"/>
  <testcase classname="smoke.TC_116" name="verifyBookedItineraryDetailsTC116" time="57.715"/>
  <testcase classname="smoke.TC_117" name="verifyBookedItinerarySearchBarTC117" time="39.392"/>
  <testcase classname="smoke.TC_118" name="verifyBookedItineraryTC118" time="88.729"/>
  <testcase classname="smoke.TC_119" name="toCancelGeneratedOrderTC119" time="78.396"/>
  <testcase classname="smoke.TC_120" name="ToVerifyAllPagesTitlesTC120" time="38.748"/>
  <testcase classname="base.BaseTest" name="@AfterTest reportsEnd" time="0.0">
    <ignored/>
  </testcase> <!-- @AfterTest reportsEnd -->
  <testcase classname="base.BaseTest" name="@AfterTest reportsEnd" time="0.0">
    <ignored/>
  </testcase> <!-- @AfterTest reportsEnd -->
  <testcase classname="base.BaseTest" name="@AfterTest reportsEnd" time="0.0">
    <ignored/>
  </testcase> <!-- @AfterTest reportsEnd -->
  <testcase classname="base.BaseTest" name="@AfterTest reportsEnd" time="0.0">
    <ignored/>
  </testcase> <!-- @AfterTest reportsEnd -->
  <testcase classname="base.BaseTest" name="@AfterTest reportsEnd" time="0.0">
    <ignored/>
  </testcase> <!-- @AfterTest reportsEnd -->
  <testcase classname="base.BaseTest" name="@AfterTest reportsEnd" time="0.0">
    <ignored/>
  </testcase> <!-- @AfterTest reportsEnd -->
  <testcase classname="base.BaseTest" name="@AfterTest reportsEnd" time="0.0">
    <ignored/>
  </testcase> <!-- @AfterTest reportsEnd -->
  <testcase classname="base.BaseTest" name="@AfterTest reportsEnd" time="0.0">
    <ignored/>
  </testcase> <!-- @AfterTest reportsEnd -->
  <testcase classname="base.BaseTest" name="@AfterTest reportsEnd" time="0.0">
    <ignored/>
  </testcase> <!-- @AfterTest reportsEnd -->
  <testcase classname="base.BaseTest" name="@AfterTest reportsEnd" time="0.0">
    <ignored/>
  </testcase> <!-- @AfterTest reportsEnd -->
  <testcase classname="base.BaseTest" name="@AfterTest reportsEnd" time="0.0">
    <ignored/>
  </testcase> <!-- @AfterTest reportsEnd -->
  <testcase classname="base.BaseTest" name="@AfterTest reportsEnd" time="0.0">
    <ignored/>
  </testcase> <!-- @AfterTest reportsEnd -->
  <testcase classname="base.BaseTest" name="@AfterTest reportsEnd" time="0.0">
    <ignored/>
  </testcase> <!-- @AfterTest reportsEnd -->
  <testcase classname="base.BaseTest" name="@AfterTest reportsEnd" time="0.0">
    <ignored/>
  </testcase> <!-- @AfterTest reportsEnd -->
  <testcase classname="base.BaseTest" name="@AfterTest reportsEnd" time="0.0">
    <ignored/>
  </testcase> <!-- @AfterTest reportsEnd -->
  <testcase classname="base.BaseTest" name="@AfterTest reportsEnd" time="0.0">
    <ignored/>
  </testcase> <!-- @AfterTest reportsEnd -->
  <testcase classname="base.BaseTest" name="@AfterTest reportsEnd" time="0.0">
    <ignored/>
  </testcase> <!-- @AfterTest reportsEnd -->
  <testcase classname="base.BaseTest" name="@AfterTest reportsEnd" time="0.0">
    <ignored/>
  </testcase> <!-- @AfterTest reportsEnd -->
  <testcase classname="base.BaseTest" name="@AfterTest reportsEnd" time="0.0">
    <ignored/>
  </testcase> <!-- @AfterTest reportsEnd -->
  <testcase classname="base.BaseTest" name="@BeforeTest beforeTest" time="0.0">
    <ignored/>
  </testcase> <!-- @BeforeTest beforeTest -->
  <testcase classname="base.BaseTest" name="@BeforeTest beforeTest" time="0.0">
    <ignored/>
  </testcase> <!-- @BeforeTest beforeTest -->
  <testcase classname="base.BaseTest" name="@BeforeTest beforeTest" time="0.0">
    <ignored/>
  </testcase> <!-- @BeforeTest beforeTest -->
  <testcase classname="base.BaseTest" name="@BeforeTest beforeTest" time="0.0">
    <ignored/>
  </testcase> <!-- @BeforeTest beforeTest -->
  <testcase classname="base.BaseTest" name="@BeforeTest beforeTest" time="0.0">
    <ignored/>
  </testcase> <!-- @BeforeTest beforeTest -->
  <testcase classname="base.BaseTest" name="@BeforeTest beforeTest" time="0.0">
    <ignored/>
  </testcase> <!-- @BeforeTest beforeTest -->
  <testcase classname="base.BaseTest" name="@BeforeTest beforeTest" time="0.0">
    <ignored/>
  </testcase> <!-- @BeforeTest beforeTest -->
  <testcase classname="base.BaseTest" name="@BeforeTest beforeTest" time="0.0">
    <ignored/>
  </testcase> <!-- @BeforeTest beforeTest -->
  <testcase classname="base.BaseTest" name="@BeforeTest beforeTest" time="0.0">
    <ignored/>
  </testcase> <!-- @BeforeTest beforeTest -->
  <testcase classname="base.BaseTest" name="@BeforeTest beforeTest" time="0.0">
    <ignored/>
  </testcase> <!-- @BeforeTest beforeTest -->
  <testcase classname="base.BaseTest" name="@BeforeTest beforeTest" time="0.0">
    <ignored/>
  </testcase> <!-- @BeforeTest beforeTest -->
  <testcase classname="base.BaseTest" name="@BeforeTest beforeTest" time="0.0">
    <ignored/>
  </testcase> <!-- @BeforeTest beforeTest -->
  <testcase classname="base.BaseTest" name="@BeforeTest beforeTest" time="0.0">
    <ignored/>
  </testcase> <!-- @BeforeTest beforeTest -->
  <testcase classname="base.BaseTest" name="@BeforeTest beforeTest" time="0.0">
    <ignored/>
  </testcase> <!-- @BeforeTest beforeTest -->
  <testcase classname="base.BaseTest" name="@BeforeTest beforeTest" time="0.0">
    <ignored/>
  </testcase> <!-- @BeforeTest beforeTest -->
  <testcase classname="base.BaseTest" name="@BeforeTest beforeTest" time="0.0">
    <ignored/>
  </testcase> <!-- @BeforeTest beforeTest -->
  <testcase classname="base.BaseTest" name="@BeforeTest beforeTest" time="0.0">
    <ignored/>
  </testcase> <!-- @BeforeTest beforeTest -->
  <testcase classname="base.BaseTest" name="@BeforeTest beforeTest" time="0.0">
    <ignored/>
  </testcase> <!-- @BeforeTest beforeTest -->
  <testcase classname="base.BaseTest" name="@BeforeTest beforeTest" time="0.0">
    <ignored/>
  </testcase> <!-- @BeforeTest beforeTest -->
</testsuite> <!-- Test -->
