<?xml version="1.0" encoding="UTF-8"?>
<!-- Generated by org.testng.reporters.JUnitXMLReporter -->
<testsuite ignored="38" hostname="SHAIK-SAMAD-PC" failures="0" tests="20" name="Test" time="574.491" errors="0" timestamp="2025-08-07T22:08:00 IST">
  <testcase classname="smoke.TC_101" name="validLoginDetailsTC101" time="0.706"/>
  <testcase classname="smoke.TC_102" name="verifyCheckOutDateTC102" time="2.656"/>
  <testcase classname="smoke.TC_103" name="verifyPastDatesTC103" time="2.785"/>
  <testcase classname="smoke.TC_104" name="verifySelectHotelLocationTC104" time="3.107"/>
  <testcase classname="smoke.TC_105" name="verifySelectHotelDatesTC105" time="3.038"/>
  <testcase classname="smoke.TC_106" name="verifySelectHotelRoomsTC106" time="2.879"/>
  <testcase classname="smoke.TC_107" name="verifySelectHotelRoomTypeTC107" time="2.976"/>
  <testcase classname="smoke.TC_108" name="verifyBookAHotelTotalPriceTC108" time="4.495"/>
  <testcase classname="smoke.TC_109" name="logoutCheckTC109" time="12.219"/>
  <testcase classname="smoke.TC_110" name="verifyTotalPriceMelbourneTC110" time="4.478"/>
  <testcase classname="smoke.TC_111" name="verifyBookAHotelPageTC111" time="3.857"/>
  <testcase classname="smoke.TC_112" name="verifyTotalBillVthGstTC112" time="4.293"/>
  <testcase classname="smoke.TC_113" name="verifyBookAHotelPageDetailsTC113" time="4.939"/>
  <testcase classname="smoke.TC_114" name="verifyOrderIdGeneratedTC114" time="11.08"/>
  <testcase classname="smoke.TC_115" name="verifyBookedItineraryEditableTC115" time="44.688"/>
  <testcase classname="smoke.TC_116" name="verifyBookedItineraryDetailsTC116" time="64.657"/>
  <testcase classname="smoke.TC_117" name="verifyBookedItinerarySearchBarTC117" time="58.915"/>
  <testcase classname="smoke.TC_118" name="verifyBookedItineraryTC118" time="43.917"/>
  <testcase classname="smoke.TC_119" name="toCancelGeneratedOrderTC119" time="105.573"/>
  <testcase classname="smoke.TC_120" name="ToVerifyAllPagesTitlesTC120" time="45.574"/>
  <testcase classname="base.BaseTest" name="@AfterTest reportsEnd" time="0.0">
    <ignored/>
  </testcase> <!-- @AfterTest reportsEnd -->
  <testcase classname="base.BaseTest" name="@AfterTest reportsEnd" time="0.0">
    <ignored/>
  </testcase> <!-- @AfterTest reportsEnd -->
  <testcase classname="base.BaseTest" name="@AfterTest reportsEnd" time="0.0">
    <ignored/>
  </testcase> <!-- @AfterTest reportsEnd -->
  <testcase classname="base.BaseTest" name="@AfterTest reportsEnd" time="0.0">
    <ignored/>
  </testcase> <!-- @AfterTest reportsEnd -->
  <testcase classname="base.BaseTest" name="@AfterTest reportsEnd" time="0.0">
    <ignored/>
  </testcase> <!-- @AfterTest reportsEnd -->
  <testcase classname="base.BaseTest" name="@AfterTest reportsEnd" time="0.0">
    <ignored/>
  </testcase> <!-- @AfterTest reportsEnd -->
  <testcase classname="base.BaseTest" name="@AfterTest reportsEnd" time="0.0">
    <ignored/>
  </testcase> <!-- @AfterTest reportsEnd -->
  <testcase classname="base.BaseTest" name="@AfterTest reportsEnd" time="0.0">
    <ignored/>
  </testcase> <!-- @AfterTest reportsEnd -->
  <testcase classname="base.BaseTest" name="@AfterTest reportsEnd" time="0.0">
    <ignored/>
  </testcase> <!-- @AfterTest reportsEnd -->
  <testcase classname="base.BaseTest" name="@AfterTest reportsEnd" time="0.0">
    <ignored/>
  </testcase> <!-- @AfterTest reportsEnd -->
  <testcase classname="base.BaseTest" name="@AfterTest reportsEnd" time="0.0">
    <ignored/>
  </testcase> <!-- @AfterTest reportsEnd -->
  <testcase classname="base.BaseTest" name="@AfterTest reportsEnd" time="0.0">
    <ignored/>
  </testcase> <!-- @AfterTest reportsEnd -->
  <testcase classname="base.BaseTest" name="@AfterTest reportsEnd" time="0.0">
    <ignored/>
  </testcase> <!-- @AfterTest reportsEnd -->
  <testcase classname="base.BaseTest" name="@AfterTest reportsEnd" time="0.0">
    <ignored/>
  </testcase> <!-- @AfterTest reportsEnd -->
  <testcase classname="base.BaseTest" name="@AfterTest reportsEnd" time="0.0">
    <ignored/>
  </testcase> <!-- @AfterTest reportsEnd -->
  <testcase classname="base.BaseTest" name="@AfterTest reportsEnd" time="0.0">
    <ignored/>
  </testcase> <!-- @AfterTest reportsEnd -->
  <testcase classname="base.BaseTest" name="@AfterTest reportsEnd" time="0.0">
    <ignored/>
  </testcase> <!-- @AfterTest reportsEnd -->
  <testcase classname="base.BaseTest" name="@AfterTest reportsEnd" time="0.0">
    <ignored/>
  </testcase> <!-- @AfterTest reportsEnd -->
  <testcase classname="base.BaseTest" name="@AfterTest reportsEnd" time="0.0">
    <ignored/>
  </testcase> <!-- @AfterTest reportsEnd -->
  <testcase classname="base.BaseTest" name="@BeforeTest beforeTest" time="0.0">
    <ignored/>
  </testcase> <!-- @BeforeTest beforeTest -->
  <testcase classname="base.BaseTest" name="@BeforeTest beforeTest" time="0.0">
    <ignored/>
  </testcase> <!-- @BeforeTest beforeTest -->
  <testcase classname="base.BaseTest" name="@BeforeTest beforeTest" time="0.0">
    <ignored/>
  </testcase> <!-- @BeforeTest beforeTest -->
  <testcase classname="base.BaseTest" name="@BeforeTest beforeTest" time="0.0">
    <ignored/>
  </testcase> <!-- @BeforeTest beforeTest -->
  <testcase classname="base.BaseTest" name="@BeforeTest beforeTest" time="0.0">
    <ignored/>
  </testcase> <!-- @BeforeTest beforeTest -->
  <testcase classname="base.BaseTest" name="@BeforeTest beforeTest" time="0.0">
    <ignored/>
  </testcase> <!-- @BeforeTest beforeTest -->
  <testcase classname="base.BaseTest" name="@BeforeTest beforeTest" time="0.0">
    <ignored/>
  </testcase> <!-- @BeforeTest beforeTest -->
  <testcase classname="base.BaseTest" name="@BeforeTest beforeTest" time="0.0">
    <ignored/>
  </testcase> <!-- @BeforeTest beforeTest -->
  <testcase classname="base.BaseTest" name="@BeforeTest beforeTest" time="0.0">
    <ignored/>
  </testcase> <!-- @BeforeTest beforeTest -->
  <testcase classname="base.BaseTest" name="@BeforeTest beforeTest" time="0.0">
    <ignored/>
  </testcase> <!-- @BeforeTest beforeTest -->
  <testcase classname="base.BaseTest" name="@BeforeTest beforeTest" time="0.0">
    <ignored/>
  </testcase> <!-- @BeforeTest beforeTest -->
  <testcase classname="base.BaseTest" name="@BeforeTest beforeTest" time="0.0">
    <ignored/>
  </testcase> <!-- @BeforeTest beforeTest -->
  <testcase classname="base.BaseTest" name="@BeforeTest beforeTest" time="0.0">
    <ignored/>
  </testcase> <!-- @BeforeTest beforeTest -->
  <testcase classname="base.BaseTest" name="@BeforeTest beforeTest" time="0.0">
    <ignored/>
  </testcase> <!-- @BeforeTest beforeTest -->
  <testcase classname="base.BaseTest" name="@BeforeTest beforeTest" time="0.0">
    <ignored/>
  </testcase> <!-- @BeforeTest beforeTest -->
  <testcase classname="base.BaseTest" name="@BeforeTest beforeTest" time="0.0">
    <ignored/>
  </testcase> <!-- @BeforeTest beforeTest -->
  <testcase classname="base.BaseTest" name="@BeforeTest beforeTest" time="0.0">
    <ignored/>
  </testcase> <!-- @BeforeTest beforeTest -->
  <testcase classname="base.BaseTest" name="@BeforeTest beforeTest" time="0.0">
    <ignored/>
  </testcase> <!-- @BeforeTest beforeTest -->
  <testcase classname="base.BaseTest" name="@BeforeTest beforeTest" time="0.0">
    <ignored/>
  </testcase> <!-- @BeforeTest beforeTest -->
</testsuite> <!-- Test -->
