<?xml version="1.0" encoding="UTF-8"?>
<!-- Generated by org.testng.reporters.JUnitXMLReporter -->
<testsuite ignored="10" hostname="SHAIK-SAMAD-PC" failures="0" tests="6" name="Test" time="275.324" errors="0" timestamp="2025-08-07T23:37:03 IST">
  <testcase classname="smoke.TC_101" name="validLoginDetailsTC101" time="1.316"/>
  <testcase classname="smoke.TC_102" name="verifyCheckOutDateTC102" time="2.113"/>
  <testcase classname="smoke.TC_103" name="verifyPastDatesTC103" time="1.976"/>
  <testcase classname="smoke.TC_104" name="verifySelectHotelLocationTC104" time="2.484"/>
  <testcase classname="smoke.TC_119" name="toCancelGeneratedOrderTC119" time="161.422"/>
  <testcase classname="smoke.TC_120" name="ToVerifyAllPagesTitlesTC120" time="58.453"/>
  <testcase classname="base.BaseTest" name="@BeforeTest beforeTest" time="0.0">
    <ignored/>
  </testcase> <!-- @BeforeTest beforeTest -->
  <testcase classname="base.BaseTest" name="@AfterTest reportsEnd" time="0.0">
    <ignored/>
  </testcase> <!-- @AfterTest reportsEnd -->
  <testcase classname="base.BaseTest" name="@BeforeTest beforeTest" time="0.0">
    <ignored/>
  </testcase> <!-- @BeforeTest beforeTest -->
  <testcase classname="base.BaseTest" name="@BeforeTest beforeTest" time="0.0">
    <ignored/>
  </testcase> <!-- @BeforeTest beforeTest -->
  <testcase classname="base.BaseTest" name="@AfterTest reportsEnd" time="0.0">
    <ignored/>
  </testcase> <!-- @AfterTest reportsEnd -->
  <testcase classname="base.BaseTest" name="@AfterTest reportsEnd" time="0.0">
    <ignored/>
  </testcase> <!-- @AfterTest reportsEnd -->
  <testcase classname="base.BaseTest" name="@BeforeTest beforeTest" time="0.0">
    <ignored/>
  </testcase> <!-- @BeforeTest beforeTest -->
  <testcase classname="base.BaseTest" name="@AfterTest reportsEnd" time="0.0">
    <ignored/>
  </testcase> <!-- @AfterTest reportsEnd -->
  <testcase classname="base.BaseTest" name="@BeforeTest beforeTest" time="0.0">
    <ignored/>
  </testcase> <!-- @BeforeTest beforeTest -->
  <testcase classname="base.BaseTest" name="@AfterTest reportsEnd" time="0.0">
    <ignored/>
  </testcase> <!-- @AfterTest reportsEnd -->
</testsuite> <!-- Test -->
