<?xml version="1.0" encoding="UTF-8"?>
<testng-results ignored="38" total="58" passed="20" failed="0" skipped="0">
  <reporter-output>
  </reporter-output>
  <suite started-at="2025-04-24T19:45:52 IST" name="Suite" finished-at="2025-04-24T19:56:03 IST" duration-ms="610929">
    <groups>
    </groups>
    <test started-at="2025-04-24T19:45:52 IST" name="Test" finished-at="2025-04-24T19:56:03 IST" duration-ms="610929">
      <class name="smoke.TC_108">
        <test-method is-config="true" signature="setUp(java.lang.reflect.Method)[pri:0, instance:smoke.TC_108@1e6a3214]" started-at="2025-04-24T19:47:18 IST" name="setUp" finished-at="2025-04-24T19:47:22 IST" duration-ms="4550" status="PASS">
          <params>
            <param index="0">
              <value>
                <![CDATA[public void smoke.TC_108.verifyBookAHotelTotalPriceTC108(java.util.HashMap)]]>
              </value>
            </param>
          </params>
          <reporter-output>
          </reporter-output>
        </test-method> <!-- setUp -->
        <test-method signature="verifyBookAHotelTotalPriceTC108(java.util.HashMap)[pri:0, instance:smoke.TC_108@1e6a3214]" started-at="2025-04-24T19:47:22 IST" name="verifyBookAHotelTotalPriceTC108" data-provider="getTestData" finished-at="2025-04-24T19:47:28 IST" duration-ms="6338" status="PASS">
          <params>
            <param index="0">
              <value>
                <![CDATA[{adultsPerRoom=1, password=shaik123samad, checkOutDate=02/12/2025, hotels=Hotel Creek, location=Sydney, numberOfRooms=1, checkInDate=01/12/2025, roomType=Standard, username=Shaik123samad}]]>
              </value>
            </param>
          </params>
          <reporter-output>
          </reporter-output>
        </test-method> <!-- verifyBookAHotelTotalPriceTC108 -->
        <test-method is-config="true" signature="teardown()[pri:0, instance:smoke.TC_108@1e6a3214]" started-at="2025-04-24T19:47:29 IST" name="teardown" finished-at="2025-04-24T19:47:32 IST" duration-ms="3288" status="PASS">
          <reporter-output>
          </reporter-output>
        </test-method> <!-- teardown -->
      </class> <!-- smoke.TC_108 -->
      <class name="smoke.TC_119">
        <test-method is-config="true" signature="setUp(java.lang.reflect.Method)[pri:0, instance:smoke.TC_119@2892d68]" started-at="2025-04-24T19:53:50 IST" name="setUp" finished-at="2025-04-24T19:53:55 IST" duration-ms="4626" status="PASS">
          <params>
            <param index="0">
              <value>
                <![CDATA[public void smoke.TC_119.toCancelGeneratedOrderTC119(java.util.HashMap)]]>
              </value>
            </param>
          </params>
          <reporter-output>
          </reporter-output>
        </test-method> <!-- setUp -->
        <test-method signature="toCancelGeneratedOrderTC119(java.util.HashMap)[pri:0, instance:smoke.TC_119@2892d68]" started-at="2025-04-24T19:53:55 IST" name="toCancelGeneratedOrderTC119" data-provider="getTestData" finished-at="2025-04-24T19:55:13 IST" duration-ms="78396" status="PASS">
          <params>
            <param index="0">
              <value>
                <![CDATA[{ExpiryDateYear=2030, FirstName=Samad, verifyResult=0 result(s) found, numberOfRooms=2, ExpiryDateMonth=12, CreditCardType=AMEX, checkInDate=01/12/2025, CVVNumber=123, BillingAddress=near near beside beside, CreditCardNo=1234567891234567, adultsPerRoom=1, verifyCancelled=The booking has been cancelled, password=shaik123samad, checkOutDate=02/12/2025, hotels=Hotel Creek, location=Sydney, LastName=Shaik, roomType=Standard, username=Shaik123samad}]]>
              </value>
            </param>
          </params>
          <reporter-output>
          </reporter-output>
        </test-method> <!-- toCancelGeneratedOrderTC119 -->
        <test-method is-config="true" signature="teardown()[pri:0, instance:smoke.TC_119@2892d68]" started-at="2025-04-24T19:55:13 IST" name="teardown" finished-at="2025-04-24T19:55:16 IST" duration-ms="3284" status="PASS">
          <reporter-output>
          </reporter-output>
        </test-method> <!-- teardown -->
      </class> <!-- smoke.TC_119 -->
      <class name="smoke.TC_109">
        <test-method is-config="true" signature="setUp(java.lang.reflect.Method)[pri:0, instance:smoke.TC_109@368247b9]" started-at="2025-04-24T19:47:32 IST" name="setUp" finished-at="2025-04-24T19:47:37 IST" duration-ms="4737" status="PASS">
          <params>
            <param index="0">
              <value>
                <![CDATA[public void smoke.TC_109.logoutCheckTC109(java.util.HashMap)]]>
              </value>
            </param>
          </params>
          <reporter-output>
          </reporter-output>
        </test-method> <!-- setUp -->
        <test-method signature="logoutCheckTC109(java.util.HashMap)[pri:0, instance:smoke.TC_109@368247b9]" started-at="2025-04-24T19:47:37 IST" name="logoutCheckTC109" data-provider="getTestData" finished-at="2025-04-24T19:47:53 IST" duration-ms="16210" status="PASS">
          <params>
            <param index="0">
              <value>
                <![CDATA[{ExpiryDateYear=2030, FirstName=Samad, numberOfRooms=2, ExpiryDateMonth=12, CreditCardType=AMEX, checkInDate=01/12/2025, CVVNumber=123, BillingAddress=near near, CreditCardNo=1234567891234567, adultsPerRoom=1, password=shaik123samad, checkOutDate=02/12/2025, hotels=Hotel Creek, location=Sydney, LastName=Shaik, roomType=Standard, username=Shaik123samad}]]>
              </value>
            </param>
          </params>
          <reporter-output>
          </reporter-output>
        </test-method> <!-- logoutCheckTC109 -->
        <test-method is-config="true" signature="teardown()[pri:0, instance:smoke.TC_109@368247b9]" started-at="2025-04-24T19:47:53 IST" name="teardown" finished-at="2025-04-24T19:47:56 IST" duration-ms="3288" status="PASS">
          <reporter-output>
          </reporter-output>
        </test-method> <!-- teardown -->
      </class> <!-- smoke.TC_109 -->
      <class name="smoke.TC_111">
        <test-method is-config="true" signature="setUp(java.lang.reflect.Method)[pri:0, instance:smoke.TC_111@1a942c18]" started-at="2025-04-24T19:48:12 IST" name="setUp" finished-at="2025-04-24T19:48:16 IST" duration-ms="4798" status="PASS">
          <params>
            <param index="0">
              <value>
                <![CDATA[public void smoke.TC_111.verifyBookAHotelPageTC111(java.util.HashMap)]]>
              </value>
            </param>
          </params>
          <reporter-output>
          </reporter-output>
        </test-method> <!-- setUp -->
        <test-method signature="verifyBookAHotelPageTC111(java.util.HashMap)[pri:0, instance:smoke.TC_111@1a942c18]" started-at="2025-04-24T19:48:16 IST" name="verifyBookAHotelPageTC111" data-provider="getTestData" finished-at="2025-04-24T19:48:23 IST" duration-ms="6395" status="PASS">
          <params>
            <param index="0">
              <value>
                <![CDATA[{adultsPerRoom=1, password=shaik123samad, checkOutDate=02/12/2025, hotels=Hotel Creek, location=Sydney, numberOfRooms=2, checkInDate=01/12/2025, roomType=Standard, username=Shaik123samad}]]>
              </value>
            </param>
          </params>
          <reporter-output>
          </reporter-output>
        </test-method> <!-- verifyBookAHotelPageTC111 -->
        <test-method is-config="true" signature="teardown()[pri:0, instance:smoke.TC_111@1a942c18]" started-at="2025-04-24T19:48:23 IST" name="teardown" finished-at="2025-04-24T19:48:26 IST" duration-ms="3327" status="PASS">
          <reporter-output>
          </reporter-output>
        </test-method> <!-- teardown -->
      </class> <!-- smoke.TC_111 -->
      <class name="smoke.TC_101">
        <test-method is-config="true" signature="beforeTest()[pri:0, instance:smoke.TC_101@1e0b4072]" started-at="2025-04-24T19:45:52 IST" name="beforeTest" finished-at="2025-04-24T19:45:53 IST" duration-ms="528" status="PASS">
          <reporter-output>
          </reporter-output>
        </test-method> <!-- beforeTest -->
        <test-method is-config="true" signature="setUp(java.lang.reflect.Method)[pri:0, instance:smoke.TC_101@1e0b4072]" started-at="2025-04-24T19:45:53 IST" name="setUp" finished-at="2025-04-24T19:45:58 IST" duration-ms="4710" status="PASS">
          <params>
            <param index="0">
              <value>
                <![CDATA[public void smoke.TC_101.validLoginDetailsTC101(java.util.HashMap)]]>
              </value>
            </param>
          </params>
          <reporter-output>
          </reporter-output>
        </test-method> <!-- setUp -->
        <test-method signature="validLoginDetailsTC101(java.util.HashMap)[pri:0, instance:smoke.TC_101@1e0b4072]" started-at="2025-04-24T19:45:58 IST" name="validLoginDetailsTC101" data-provider="getTestData" finished-at="2025-04-24T19:46:00 IST" duration-ms="1808" status="PASS">
          <params>
            <param index="0">
              <value>
                <![CDATA[{password=shaik123samad, username=Shaik123samad}]]>
              </value>
            </param>
          </params>
          <reporter-output>
          </reporter-output>
        </test-method> <!-- validLoginDetailsTC101 -->
        <test-method is-config="true" signature="teardown()[pri:0, instance:smoke.TC_101@1e0b4072]" started-at="2025-04-24T19:46:00 IST" name="teardown" finished-at="2025-04-24T19:46:04 IST" duration-ms="3381" status="PASS">
          <reporter-output>
          </reporter-output>
        </test-method> <!-- teardown -->
        <test-method is-config="true" signature="reportsEnd()[pri:0, instance:smoke.TC_101@1e0b4072]" started-at="2025-04-24T19:56:03 IST" name="reportsEnd" finished-at="2025-04-24T19:56:03 IST" duration-ms="426" status="PASS">
          <reporter-output>
          </reporter-output>
        </test-method> <!-- reportsEnd -->
      </class> <!-- smoke.TC_101 -->
      <class name="smoke.TC_112">
        <test-method is-config="true" signature="setUp(java.lang.reflect.Method)[pri:0, instance:smoke.TC_112@55a147cc]" started-at="2025-04-24T19:48:26 IST" name="setUp" finished-at="2025-04-24T19:48:31 IST" duration-ms="4402" status="PASS">
          <params>
            <param index="0">
              <value>
                <![CDATA[public void smoke.TC_112.verifyTotalBillVthGstTC112(java.util.HashMap)]]>
              </value>
            </param>
          </params>
          <reporter-output>
          </reporter-output>
        </test-method> <!-- setUp -->
        <test-method signature="verifyTotalBillVthGstTC112(java.util.HashMap)[pri:0, instance:smoke.TC_112@55a147cc]" started-at="2025-04-24T19:48:31 IST" name="verifyTotalBillVthGstTC112" data-provider="getTestData" finished-at="2025-04-24T19:48:37 IST" duration-ms="6229" status="PASS">
          <params>
            <param index="0">
              <value>
                <![CDATA[{adultsPerRoom=1, password=shaik123samad, checkOutDate=02/12/2025, hotels=Hotel Creek, location=Sydney, numberOfRooms=2, checkInDate=01/12/2025, roomType=Standard, username=Shaik123samad}]]>
              </value>
            </param>
          </params>
          <reporter-output>
          </reporter-output>
        </test-method> <!-- verifyTotalBillVthGstTC112 -->
        <test-method is-config="true" signature="teardown()[pri:0, instance:smoke.TC_112@55a147cc]" started-at="2025-04-24T19:48:37 IST" name="teardown" finished-at="2025-04-24T19:48:40 IST" duration-ms="3248" status="PASS">
          <reporter-output>
          </reporter-output>
        </test-method> <!-- teardown -->
      </class> <!-- smoke.TC_112 -->
      <class name="smoke.TC_102">
        <test-method is-config="true" signature="setUp(java.lang.reflect.Method)[pri:0, instance:smoke.TC_102@45099dd3]" started-at="2025-04-24T19:46:04 IST" name="setUp" finished-at="2025-04-24T19:46:08 IST" duration-ms="4755" status="PASS">
          <params>
            <param index="0">
              <value>
                <![CDATA[public void smoke.TC_102.verifyCheckOutDateTC102(java.util.HashMap)]]>
              </value>
            </param>
          </params>
          <reporter-output>
          </reporter-output>
        </test-method> <!-- setUp -->
        <test-method signature="verifyCheckOutDateTC102(java.util.HashMap)[pri:0, instance:smoke.TC_102@45099dd3]" started-at="2025-04-24T19:46:08 IST" name="verifyCheckOutDateTC102" data-provider="getTestData" finished-at="2025-04-24T19:46:12 IST" duration-ms="3269" status="PASS">
          <params>
            <param index="0">
              <value>
                <![CDATA[{password=shaik123samad, checkOutDate=25/11/2025, hotels=Hotel Creek, location=Sydney, numberOfRooms=1, checkInError=Check-In Date shall be before than Check-Out Date, checkInDate=01/12/2025, roomType=Standard, checkOutError=Check-Out Date shall be after than Check-In Date, username=Shaik123samad}]]>
              </value>
            </param>
          </params>
          <reporter-output>
          </reporter-output>
        </test-method> <!-- verifyCheckOutDateTC102 -->
        <test-method is-config="true" signature="teardown()[pri:0, instance:smoke.TC_102@45099dd3]" started-at="2025-04-24T19:46:12 IST" name="teardown" finished-at="2025-04-24T19:46:15 IST" duration-ms="3286" status="PASS">
          <reporter-output>
          </reporter-output>
        </test-method> <!-- teardown -->
      </class> <!-- smoke.TC_102 -->
      <class name="smoke.TC_113">
        <test-method is-config="true" signature="setUp(java.lang.reflect.Method)[pri:0, instance:smoke.TC_113@71ba6d4e]" started-at="2025-04-24T19:48:40 IST" name="setUp" finished-at="2025-04-24T19:48:44 IST" duration-ms="3715" status="PASS">
          <params>
            <param index="0">
              <value>
                <![CDATA[public void smoke.TC_113.verifyBookAHotelPageDetailsTC113(java.util.HashMap)]]>
              </value>
            </param>
          </params>
          <reporter-output>
          </reporter-output>
        </test-method> <!-- setUp -->
        <test-method signature="verifyBookAHotelPageDetailsTC113(java.util.HashMap)[pri:0, instance:smoke.TC_113@71ba6d4e]" started-at="2025-04-24T19:48:44 IST" name="verifyBookAHotelPageDetailsTC113" data-provider="getTestData" finished-at="2025-04-24T19:48:51 IST" duration-ms="7386" status="PASS">
          <params>
            <param index="0">
              <value>
                <![CDATA[{adultsPerRoom=1, password=shaik123samad, checkOutDate=02/12/2025, hotels=Hotel Creek, location=Sydney, numberOfRooms=2, checkInDate=01/12/2025, roomType=Standard, username=Shaik123samad}]]>
              </value>
            </param>
          </params>
          <reporter-output>
          </reporter-output>
        </test-method> <!-- verifyBookAHotelPageDetailsTC113 -->
        <test-method is-config="true" signature="teardown()[pri:0, instance:smoke.TC_113@71ba6d4e]" started-at="2025-04-24T19:48:52 IST" name="teardown" finished-at="2025-04-24T19:48:55 IST" duration-ms="3256" status="PASS">
          <reporter-output>
          </reporter-output>
        </test-method> <!-- teardown -->
      </class> <!-- smoke.TC_113 -->
      <class name="smoke.TC_114">
        <test-method is-config="true" signature="setUp(java.lang.reflect.Method)[pri:0, instance:smoke.TC_114@738dc9b]" started-at="2025-04-24T19:48:55 IST" name="setUp" finished-at="2025-04-24T19:49:00 IST" duration-ms="5084" status="PASS">
          <params>
            <param index="0">
              <value>
                <![CDATA[public void smoke.TC_114.verifyOrderIdGeneratedTC114(java.util.HashMap)]]>
              </value>
            </param>
          </params>
          <reporter-output>
          </reporter-output>
        </test-method> <!-- setUp -->
        <test-method signature="verifyOrderIdGeneratedTC114(java.util.HashMap)[pri:0, instance:smoke.TC_114@738dc9b]" started-at="2025-04-24T19:49:00 IST" name="verifyOrderIdGeneratedTC114" data-provider="getTestData" finished-at="2025-04-24T19:49:15 IST" duration-ms="14566" status="PASS">
          <params>
            <param index="0">
              <value>
                <![CDATA[{ExpiryDateYear=2030, FirstName=Samad, numberOfRooms=2, ExpiryDateMonth=12, CreditCardType=AMEX, checkInDate=01/12/2025, CVVNumber=123, BillingAddress=near near, CreditCardNo=1234567891234567, adultsPerRoom=1, password=shaik123samad, checkOutDate=02/12/2025, hotels=Hotel Creek, location=Sydney, LastName=Shaik, roomType=Standard, username=Shaik123samad}]]>
              </value>
            </param>
          </params>
          <reporter-output>
          </reporter-output>
        </test-method> <!-- verifyOrderIdGeneratedTC114 -->
        <test-method is-config="true" signature="teardown()[pri:0, instance:smoke.TC_114@738dc9b]" started-at="2025-04-24T19:49:15 IST" name="teardown" finished-at="2025-04-24T19:49:18 IST" duration-ms="3293" status="PASS">
          <reporter-output>
          </reporter-output>
        </test-method> <!-- teardown -->
      </class> <!-- smoke.TC_114 -->
      <class name="smoke.TC_103">
        <test-method is-config="true" signature="setUp(java.lang.reflect.Method)[pri:0, instance:smoke.TC_103@13e344d]" started-at="2025-04-24T19:46:15 IST" name="setUp" finished-at="2025-04-24T19:46:20 IST" duration-ms="4900" status="PASS">
          <params>
            <param index="0">
              <value>
                <![CDATA[public void smoke.TC_103.verifyPastDatesTC103(java.util.HashMap)]]>
              </value>
            </param>
          </params>
          <reporter-output>
          </reporter-output>
        </test-method> <!-- setUp -->
        <test-method signature="verifyPastDatesTC103(java.util.HashMap)[pri:0, instance:smoke.TC_103@13e344d]" started-at="2025-04-24T19:46:20 IST" name="verifyPastDatesTC103" data-provider="getTestData" finished-at="2025-04-24T19:46:24 IST" duration-ms="3860" status="PASS">
          <params>
            <param index="0">
              <value>
                <![CDATA[{password=shaik123samad, checkOutDate=02/04/2025, hotels=Hotel Creek, location=Sydney, numberOfRooms=1, checkInError=Check-In Date should be either Today or Later Date, checkInDate=01/04/2025, roomType=Standard, username=Shaik123samad}]]>
              </value>
            </param>
          </params>
          <reporter-output>
          </reporter-output>
        </test-method> <!-- verifyPastDatesTC103 -->
        <test-method is-config="true" signature="teardown()[pri:0, instance:smoke.TC_103@13e344d]" started-at="2025-04-24T19:46:24 IST" name="teardown" finished-at="2025-04-24T19:46:27 IST" duration-ms="3269" status="PASS">
          <reporter-output>
          </reporter-output>
        </test-method> <!-- teardown -->
      </class> <!-- smoke.TC_103 -->
      <class name="smoke.TC_115">
        <test-method is-config="true" signature="setUp(java.lang.reflect.Method)[pri:0, instance:smoke.TC_115@3c77d488]" started-at="2025-04-24T19:49:18 IST" name="setUp" finished-at="2025-04-24T19:49:22 IST" duration-ms="4422" status="PASS">
          <params>
            <param index="0">
              <value>
                <![CDATA[public void smoke.TC_115.verifyBookedItineraryEditableTC115(java.util.HashMap)]]>
              </value>
            </param>
          </params>
          <reporter-output>
          </reporter-output>
        </test-method> <!-- setUp -->
        <test-method signature="verifyBookedItineraryEditableTC115(java.util.HashMap)[pri:0, instance:smoke.TC_115@3c77d488]" started-at="2025-04-24T19:49:22 IST" name="verifyBookedItineraryEditableTC115" data-provider="getTestData" finished-at="2025-04-24T19:50:15 IST" duration-ms="52448" status="PASS">
          <params>
            <param index="0">
              <value>
                <![CDATA[{ExpiryDateYear=2030, numberOfRooms=2, checkInDate=01/12/2025, CVVNumber=123, BillingAddress=near near, password=shaik123samad, checkOutDate=02/12/2025, HotelName=ssssefdfhb, DepartureDate=zczsds, roomType=Standard, NumberofRooms=dvsddv, FirstName=Samad, LastNameBookedItinerary=cvsf, ExpiryDateMonth=12, CreditCardType=AMEX, OrderId=kkkjjj, RoomsType=fbdfvvdffvd, CreditCardNo=1234567891234567, FirstNameBookedItinerary=cvsfvs, adultsPerRoom=1, hotels=Hotel Cornice, ArrivalDate=dssds, TotalPrice=fdfdfdfdfd, NoofDays=cvfsvff, location=Adelaide, LastName=Shaik, PriceperNight=xcffddddvvv, username=Shaik123samad, Location=dfbdfb}]]>
              </value>
            </param>
          </params>
          <reporter-output>
          </reporter-output>
        </test-method> <!-- verifyBookedItineraryEditableTC115 -->
        <test-method is-config="true" signature="teardown()[pri:0, instance:smoke.TC_115@3c77d488]" started-at="2025-04-24T19:50:15 IST" name="teardown" finished-at="2025-04-24T19:50:18 IST" duration-ms="3285" status="PASS">
          <reporter-output>
          </reporter-output>
        </test-method> <!-- teardown -->
      </class> <!-- smoke.TC_115 -->
      <class name="smoke.TC_104">
        <test-method is-config="true" signature="setUp(java.lang.reflect.Method)[pri:0, instance:smoke.TC_104@1ffaf86]" started-at="2025-04-24T19:46:27 IST" name="setUp" finished-at="2025-04-24T19:46:32 IST" duration-ms="4546" status="PASS">
          <params>
            <param index="0">
              <value>
                <![CDATA[public void smoke.TC_104.verifySelectHotelLocationTC104(java.util.HashMap)]]>
              </value>
            </param>
          </params>
          <reporter-output>
          </reporter-output>
        </test-method> <!-- setUp -->
        <test-method signature="verifySelectHotelLocationTC104(java.util.HashMap)[pri:0, instance:smoke.TC_104@1ffaf86]" started-at="2025-04-24T19:46:32 IST" name="verifySelectHotelLocationTC104" data-provider="getTestData" finished-at="2025-04-24T19:46:36 IST" duration-ms="4063" status="PASS">
          <params>
            <param index="0">
              <value>
                <![CDATA[{password=shaik123samad, checkOutDate=02/12/2025, hotels=Hotel Creek, verifyLocation=Sydney, location=Sydney, numberOfRooms=1, checkInDate=01/12/2025, roomType=Standard, username=Shaik123samad}]]>
              </value>
            </param>
          </params>
          <reporter-output>
          </reporter-output>
        </test-method> <!-- verifySelectHotelLocationTC104 -->
        <test-method is-config="true" signature="teardown()[pri:0, instance:smoke.TC_104@1ffaf86]" started-at="2025-04-24T19:46:36 IST" name="teardown" finished-at="2025-04-24T19:46:40 IST" duration-ms="3301" status="PASS">
          <reporter-output>
          </reporter-output>
        </test-method> <!-- teardown -->
      </class> <!-- smoke.TC_104 -->
      <class name="smoke.TC_105">
        <test-method is-config="true" signature="setUp(java.lang.reflect.Method)[pri:0, instance:smoke.TC_105@6574a52c]" started-at="2025-04-24T19:46:40 IST" name="setUp" finished-at="2025-04-24T19:46:44 IST" duration-ms="4820" status="PASS">
          <params>
            <param index="0">
              <value>
                <![CDATA[public void smoke.TC_105.verifySelectHotelDatesTC105(java.util.HashMap)]]>
              </value>
            </param>
          </params>
          <reporter-output>
          </reporter-output>
        </test-method> <!-- setUp -->
        <test-method signature="verifySelectHotelDatesTC105(java.util.HashMap)[pri:0, instance:smoke.TC_105@6574a52c]" started-at="2025-04-24T19:46:44 IST" name="verifySelectHotelDatesTC105" data-provider="getTestData" finished-at="2025-04-24T19:46:49 IST" duration-ms="4447" status="PASS">
          <params>
            <param index="0">
              <value>
                <![CDATA[{password=shaik123samad, checkOutDate=02/12/2025, hotels=Hotel Creek, location=Sydney, numberOfRooms=1, checkInDate=01/12/2025, roomType=Standard, username=Shaik123samad}]]>
              </value>
            </param>
          </params>
          <reporter-output>
          </reporter-output>
        </test-method> <!-- verifySelectHotelDatesTC105 -->
        <test-method is-config="true" signature="teardown()[pri:0, instance:smoke.TC_105@6574a52c]" started-at="2025-04-24T19:46:49 IST" name="teardown" finished-at="2025-04-24T19:46:52 IST" duration-ms="3293" status="PASS">
          <reporter-output>
          </reporter-output>
        </test-method> <!-- teardown -->
      </class> <!-- smoke.TC_105 -->
      <class name="smoke.TC_116">
        <test-method is-config="true" signature="setUp(java.lang.reflect.Method)[pri:0, instance:smoke.TC_116@63376bed]" started-at="2025-04-24T19:50:18 IST" name="setUp" finished-at="2025-04-24T19:50:23 IST" duration-ms="4718" status="PASS">
          <params>
            <param index="0">
              <value>
                <![CDATA[public void smoke.TC_116.verifyBookedItineraryDetailsTC116(java.util.HashMap)]]>
              </value>
            </param>
          </params>
          <reporter-output>
          </reporter-output>
        </test-method> <!-- setUp -->
        <test-method signature="verifyBookedItineraryDetailsTC116(java.util.HashMap)[pri:0, instance:smoke.TC_116@63376bed]" started-at="2025-04-24T19:50:23 IST" name="verifyBookedItineraryDetailsTC116" data-provider="getTestData" finished-at="2025-04-24T19:51:21 IST" duration-ms="57715" status="PASS">
          <params>
            <param index="0">
              <value>
                <![CDATA[{ExpiryDateYear=2030, FirstName=Samad, numberOfRooms=2, ExpiryDateMonth=12, CreditCardType=AMEX, checkInDate=01/12/2025, CVVNumber=123, BillingAddress=near near beside beside, CreditCardNo=1234567891234567, adultsPerRoom=1, password=shaik123samad, checkOutDate=02/12/2025, hotels=Hotel Creek, location=Sydney, LastName=Shaik, roomType=Standard, username=Shaik123samad}]]>
              </value>
            </param>
          </params>
          <reporter-output>
          </reporter-output>
        </test-method> <!-- verifyBookedItineraryDetailsTC116 -->
        <test-method is-config="true" signature="teardown()[pri:0, instance:smoke.TC_116@63376bed]" started-at="2025-04-24T19:51:21 IST" name="teardown" finished-at="2025-04-24T19:51:24 IST" duration-ms="3285" status="PASS">
          <reporter-output>
          </reporter-output>
        </test-method> <!-- teardown -->
      </class> <!-- smoke.TC_116 -->
      <class name="smoke.TC_117">
        <test-method is-config="true" signature="setUp(java.lang.reflect.Method)[pri:0, instance:smoke.TC_117@4145bad8]" started-at="2025-04-24T19:51:24 IST" name="setUp" finished-at="2025-04-24T19:51:30 IST" duration-ms="5632" status="PASS">
          <params>
            <param index="0">
              <value>
                <![CDATA[public void smoke.TC_117.verifyBookedItinerarySearchBarTC117(java.util.HashMap)]]>
              </value>
            </param>
          </params>
          <reporter-output>
          </reporter-output>
        </test-method> <!-- setUp -->
        <test-method signature="verifyBookedItinerarySearchBarTC117(java.util.HashMap)[pri:0, instance:smoke.TC_117@4145bad8]" started-at="2025-04-24T19:51:30 IST" name="verifyBookedItinerarySearchBarTC117" data-provider="getTestData" finished-at="2025-04-24T19:52:09 IST" duration-ms="39392" status="PASS">
          <params>
            <param index="0">
              <value>
                <![CDATA[{password=shaik123samad, OrderId=25Z3CH5O6F, username=Shaik123samad}]]>
              </value>
            </param>
          </params>
          <reporter-output>
          </reporter-output>
        </test-method> <!-- verifyBookedItinerarySearchBarTC117 -->
        <test-method is-config="true" signature="teardown()[pri:0, instance:smoke.TC_117@4145bad8]" started-at="2025-04-24T19:52:09 IST" name="teardown" finished-at="2025-04-24T19:52:13 IST" duration-ms="3254" status="PASS">
          <reporter-output>
          </reporter-output>
        </test-method> <!-- teardown -->
      </class> <!-- smoke.TC_117 -->
      <class name="smoke.TC_106">
        <test-method is-config="true" signature="setUp(java.lang.reflect.Method)[pri:0, instance:smoke.TC_106@6c1a5b54]" started-at="2025-04-24T19:46:52 IST" name="setUp" finished-at="2025-04-24T19:46:57 IST" duration-ms="4204" status="PASS">
          <params>
            <param index="0">
              <value>
                <![CDATA[public void smoke.TC_106.verifySelectHotelRoomsTC106(java.util.HashMap)]]>
              </value>
            </param>
          </params>
          <reporter-output>
          </reporter-output>
        </test-method> <!-- setUp -->
        <test-method signature="verifySelectHotelRoomsTC106(java.util.HashMap)[pri:0, instance:smoke.TC_106@6c1a5b54]" started-at="2025-04-24T19:46:57 IST" name="verifySelectHotelRoomsTC106" data-provider="getTestData" finished-at="2025-04-24T19:47:01 IST" duration-ms="4490" status="PASS">
          <params>
            <param index="0">
              <value>
                <![CDATA[{password=shaik123samad, checkOutDate=02/12/2025, hotels=Hotel Creek, location=Sydney, numberOfRooms=3, checkInDate=01/12/2025, roomType=Standard, username=Shaik123samad}]]>
              </value>
            </param>
          </params>
          <reporter-output>
          </reporter-output>
        </test-method> <!-- verifySelectHotelRoomsTC106 -->
        <test-method is-config="true" signature="teardown()[pri:0, instance:smoke.TC_106@6c1a5b54]" started-at="2025-04-24T19:47:01 IST" name="teardown" finished-at="2025-04-24T19:47:04 IST" duration-ms="3250" status="PASS">
          <reporter-output>
          </reporter-output>
        </test-method> <!-- teardown -->
      </class> <!-- smoke.TC_106 -->
      <class name="smoke.TC_118">
        <test-method is-config="true" signature="setUp(java.lang.reflect.Method)[pri:0, instance:smoke.TC_118@d86a6f]" started-at="2025-04-24T19:52:13 IST" name="setUp" finished-at="2025-04-24T19:52:18 IST" duration-ms="5077" status="PASS">
          <params>
            <param index="0">
              <value>
                <![CDATA[public void smoke.TC_118.verifyBookedItineraryTC118(java.util.HashMap)]]>
              </value>
            </param>
          </params>
          <reporter-output>
          </reporter-output>
        </test-method> <!-- setUp -->
        <test-method signature="verifyBookedItineraryTC118(java.util.HashMap)[pri:0, instance:smoke.TC_118@d86a6f]" started-at="2025-04-24T19:52:18 IST" name="verifyBookedItineraryTC118" data-provider="getTestData" finished-at="2025-04-24T19:53:46 IST" duration-ms="88729" status="PASS">
          <params>
            <param index="0">
              <value>
                <![CDATA[{ExpiryDateYear=2030, FirstName=Samad, numberOfRooms=2, ExpiryDateMonth=12, CreditCardType=AMEX, checkInDate=01/12/2025, CVVNumber=123, BillingAddress=near near beside beside, CreditCardNo=1234567891234567, adultsPerRoom=1, password=shaik123samad, checkOutDate=02/12/2025, hotels=Hotel Creek, location=Sydney, LastName=Shaik, roomType=Standard, username=Shaik123samad}]]>
              </value>
            </param>
          </params>
          <reporter-output>
          </reporter-output>
        </test-method> <!-- verifyBookedItineraryTC118 -->
        <test-method is-config="true" signature="teardown()[pri:0, instance:smoke.TC_118@d86a6f]" started-at="2025-04-24T19:53:47 IST" name="teardown" finished-at="2025-04-24T19:53:50 IST" duration-ms="3329" status="PASS">
          <reporter-output>
          </reporter-output>
        </test-method> <!-- teardown -->
      </class> <!-- smoke.TC_118 -->
      <class name="smoke.TC_107">
        <test-method is-config="true" signature="setUp(java.lang.reflect.Method)[pri:0, instance:smoke.TC_107@1c7696c6]" started-at="2025-04-24T19:47:04 IST" name="setUp" finished-at="2025-04-24T19:47:09 IST" duration-ms="4493" status="PASS">
          <params>
            <param index="0">
              <value>
                <![CDATA[public void smoke.TC_107.verifySelectHotelRoomTypeTC107(java.util.HashMap)]]>
              </value>
            </param>
          </params>
          <reporter-output>
          </reporter-output>
        </test-method> <!-- setUp -->
        <test-method signature="verifySelectHotelRoomTypeTC107(java.util.HashMap)[pri:0, instance:smoke.TC_107@1c7696c6]" started-at="2025-04-24T19:47:09 IST" name="verifySelectHotelRoomTypeTC107" data-provider="getTestData" finished-at="2025-04-24T19:47:14 IST" duration-ms="5111" status="PASS">
          <params>
            <param index="0">
              <value>
                <![CDATA[{adultsPerRoom=1, password=shaik123samad, checkOutDate=02/12/2025, hotels=Hotel Creek, location=Sydney, numberOfRooms=1, checkInDate=01/12/2025, roomType=Deluxe, username=Shaik123samad}]]>
              </value>
            </param>
          </params>
          <reporter-output>
          </reporter-output>
        </test-method> <!-- verifySelectHotelRoomTypeTC107 -->
        <test-method is-config="true" signature="teardown()[pri:0, instance:smoke.TC_107@1c7696c6]" started-at="2025-04-24T19:47:14 IST" name="teardown" finished-at="2025-04-24T19:47:18 IST" duration-ms="3297" status="PASS">
          <reporter-output>
          </reporter-output>
        </test-method> <!-- teardown -->
      </class> <!-- smoke.TC_107 -->
      <class name="smoke.TC_120">
        <test-method is-config="true" signature="setUp(java.lang.reflect.Method)[pri:0, instance:smoke.TC_120@5ab956d7]" started-at="2025-04-24T19:55:16 IST" name="setUp" finished-at="2025-04-24T19:55:20 IST" duration-ms="3902" status="PASS">
          <params>
            <param index="0">
              <value>
                <![CDATA[public void smoke.TC_120.ToVerifyAllPagesTitlesTC120(java.util.HashMap) throws java.lang.InterruptedException]]>
              </value>
            </param>
          </params>
          <reporter-output>
          </reporter-output>
        </test-method> <!-- setUp -->
        <test-method signature="ToVerifyAllPagesTitlesTC120(java.util.HashMap)[pri:0, instance:smoke.TC_120@5ab956d7]" started-at="2025-04-24T19:55:20 IST" name="ToVerifyAllPagesTitlesTC120" data-provider="getTestData" finished-at="2025-04-24T19:55:59 IST" duration-ms="38748" status="PASS">
          <params>
            <param index="0">
              <value>
                <![CDATA[{ExpiryDateYear=2030, FirstName=Samad, numberOfRooms=2, ExpiryDateMonth=12, CreditCardType=AMEX, checkInDate=01/12/2025, CVVNumber=123, BillingAddress=near near beside beside, CreditCardNo=1234567891234567, adultsPerRoom=1, password=shaik123samad, checkOutDate=02/12/2025, hotels=Hotel Creek, location=Sydney, LastName=Shaik, roomType=Standard, username=Shaik123samad}]]>
              </value>
            </param>
          </params>
          <reporter-output>
          </reporter-output>
        </test-method> <!-- ToVerifyAllPagesTitlesTC120 -->
        <test-method is-config="true" signature="teardown()[pri:0, instance:smoke.TC_120@5ab956d7]" started-at="2025-04-24T19:55:59 IST" name="teardown" finished-at="2025-04-24T19:56:03 IST" duration-ms="3300" status="PASS">
          <reporter-output>
          </reporter-output>
        </test-method> <!-- teardown -->
      </class> <!-- smoke.TC_120 -->
      <class name="smoke.TC_110">
        <test-method is-config="true" signature="setUp(java.lang.reflect.Method)[pri:0, instance:smoke.TC_110@1a6d8329]" started-at="2025-04-24T19:47:56 IST" name="setUp" finished-at="2025-04-24T19:48:01 IST" duration-ms="4987" status="PASS">
          <params>
            <param index="0">
              <value>
                <![CDATA[public void smoke.TC_110.verifyTotalPriceMelbourneTC110(java.util.HashMap)]]>
              </value>
            </param>
          </params>
          <reporter-output>
          </reporter-output>
        </test-method> <!-- setUp -->
        <test-method signature="verifyTotalPriceMelbourneTC110(java.util.HashMap)[pri:0, instance:smoke.TC_110@1a6d8329]" started-at="2025-04-24T19:48:01 IST" name="verifyTotalPriceMelbourneTC110" data-provider="getTestData" finished-at="2025-04-24T19:48:08 IST" duration-ms="6794" status="PASS">
          <params>
            <param index="0">
              <value>
                <![CDATA[{adultsPerRoom=1, password=shaik123samad, checkOutDate=02/12/2025, hotels=Hotel Creek, location=Melbourne, numberOfRooms=2, checkInDate=01/12/2025, roomType=Standard, username=Shaik123samad}]]>
              </value>
            </param>
          </params>
          <reporter-output>
          </reporter-output>
        </test-method> <!-- verifyTotalPriceMelbourneTC110 -->
        <test-method is-config="true" signature="teardown()[pri:0, instance:smoke.TC_110@1a6d8329]" started-at="2025-04-24T19:48:08 IST" name="teardown" finished-at="2025-04-24T19:48:12 IST" duration-ms="3293" status="PASS">
          <reporter-output>
          </reporter-output>
        </test-method> <!-- teardown -->
      </class> <!-- smoke.TC_110 -->
    </test> <!-- Test -->
  </suite> <!-- Suite -->
</testng-results>
